<?xml version="1.0" encoding="UTF-8"?>
<testng-results skipped="0" failed="0" ignored="0" total="1" passed="1">
  <reporter-output>
  </reporter-output>
  <suite name="Default suite" duration-ms="12195" started-at="2018-08-09T08:06:55Z" finished-at="2018-08-09T08:07:07Z">
    <groups>
    </groups>
    <test name="Default test" duration-ms="12195" started-at="2018-08-09T08:06:55Z" finished-at="2018-08-09T08:07:07Z">
      <class name="interviewQuestions.findLatestWindow">
        <test-method status="PASS" signature="setUp()[pri:0, instance:interviewQuestions.findLatestWindow@646d64ab]" name="setUp" is-config="true" duration-ms="4137" started-at="2018-08-09T08:06:55Z" finished-at="2018-08-09T08:06:59Z">
          <reporter-output>
          </reporter-output>
        </test-method> <!-- setUp -->
        <test-method status="PASS" signature="getLatestWindow()[pri:0, instance:interviewQuestions.findLatestWindow@646d64ab]" name="getLatestWindow" duration-ms="8033" started-at="2018-08-09T08:06:59Z" finished-at="2018-08-09T08:07:07Z">
          <reporter-output>
          </reporter-output>
        </test-method> <!-- getLatestWindow -->
      </class> <!-- interviewQuestions.findLatestWindow -->
    </test> <!-- Default test -->
  </suite> <!-- Default suite -->
</testng-results>
